2024-08-28 13:41:59 [Test worker] INFO  com.zaxxer.hikari.HikariDataSource - HikariPool-1 - Starting...
2024-08-28 13:41:59 [Test worker] INFO  com.zaxxer.hikari.pool.HikariPool - HikariPool-1 - Added connection com.mysql.cj.jdbc.ConnectionImpl@2227a6c1
2024-08-28 13:41:59 [Test worker] INFO  com.zaxxer.hikari.HikariDataSource - HikariPool-1 - Start completed.
2024-08-28 13:41:59 [Test worker] INFO  org.supercat.growstone.XMLHelper - loading - file(C:\gs\growstone2\assets\resources\Items-PortraitIcon.xml)
2024-08-28 13:41:59 [Test worker] INFO  org.supercat.growstone.XMLHelper - loading - file(C:\gs\growstone2\assets\resources\Items.xml)
2024-08-28 13:42:00 [Test worker] INFO  o.supercat.growstone.ResourceContext - loaded - org.supercat.growstone.managers.ResourceItemManager@41bf79da
2024-08-28 13:42:00 [Test worker] INFO  org.supercat.growstone.XMLHelper - loading - file(C:\gs\growstone2\assets\resources\Growth-Pets.xml)
2024-08-28 13:42:00 [ForkJoinPool.commonPool-worker-1] INFO  org.supercat.growstone.XMLHelper - loading - file(C:\gs\growstone2\assets\resources\Growth-Stones.xml)
2024-08-28 13:42:00 [ForkJoinPool.commonPool-worker-1] INFO  org.supercat.growstone.XMLHelper - loading - file(C:\gs\growstone2\assets\resources\Growth-Parts.xml)
2024-08-28 13:42:00 [Test worker] INFO  org.supercat.growstone.XMLHelper - loading - file(C:\gs\growstone2\assets\resources\GrowthUpgrades.xml)
2024-08-28 13:42:00 [Test worker] INFO  o.supercat.growstone.ResourceContext - loaded - org.supercat.growstone.managers.ResourceGrowthManager@6ec65b5e
2024-08-28 13:42:00 [Test worker] INFO  org.supercat.growstone.XMLHelper - loading - file(C:\gs\growstone2\assets\resources\Growth-Pets.xml)
2024-08-28 13:42:00 [ForkJoinPool.commonPool-worker-1] INFO  org.supercat.growstone.XMLHelper - loading - file(C:\gs\growstone2\assets\resources\Growth-Stones.xml)
2024-08-28 13:42:00 [ForkJoinPool.commonPool-worker-1] INFO  org.supercat.growstone.XMLHelper - loading - file(C:\gs\growstone2\assets\resources\Growth-Parts.xml)
2024-08-28 13:42:00 [Test worker] INFO  org.supercat.growstone.XMLHelper - loading - file(C:\gs\growstone2\assets\resources\GrowthUpgrades.xml)
2024-08-28 13:42:00 [Test worker] INFO  o.supercat.growstone.ResourceContext - loaded - org.supercat.growstone.managers.ResourceGrowthManager@7bebcd65
2024-08-28 13:42:00 [Test worker] INFO  org.supercat.growstone.XMLHelper - loading - file(C:\gs\growstone2\assets\resources\Collections.xml)
2024-08-28 13:42:00 [Test worker] INFO  o.supercat.growstone.ResourceContext - loaded - org.supercat.growstone.managers.ResourceCollectionManager@4417af13
2024-08-28 13:42:00 [Test worker] INFO  org.supercat.growstone.XMLHelper - loading - file(C:\gs\growstone2\assets\resources\PartsSlots.xml)
2024-08-28 13:42:00 [Test worker] INFO  o.supercat.growstone.ResourceContext - loaded - org.supercat.growstone.managers.ResourcePartsSlotManager@5a82ebf8
2024-08-28 13:42:00 [Test worker] INFO  org.supercat.growstone.XMLHelper - loading - file(C:\gs\growstone2\assets\resources\Maps.xml)
2024-08-28 13:42:00 [Test worker] INFO  o.supercat.growstone.ResourceContext - loaded - org.supercat.growstone.managers.ResourceMapManager@27a97e08
2024-08-28 13:42:00 [Test worker] INFO  org.supercat.growstone.XMLHelper - loading - file(C:\gs\growstone2\assets\resources\StageGroups.xml)
2024-08-28 13:42:00 [Test worker] INFO  o.supercat.growstone.ResourceContext - loaded - org.supercat.growstone.managers.ResourceStageGroupManager@244e619a
2024-08-28 13:42:00 [Test worker] INFO  org.supercat.growstone.XMLHelper - loading - file(C:\gs\growstone2\assets\resources\DropTables.xml)
2024-08-28 13:42:00 [Test worker] INFO  o.supercat.growstone.ResourceContext - loaded - org.supercat.growstone.managers.ResourceDropTableManager@59c33386
2024-08-28 13:42:00 [Test worker] INFO  org.supercat.growstone.XMLHelper - loading - file(C:\gs\growstone2\assets\resources\Avatars.xml)
2024-08-28 13:42:00 [Test worker] INFO  o.supercat.growstone.ResourceContext - loaded - org.supercat.growstone.managers.ResourceAvatarManager@4a34e9f
2024-08-28 13:42:00 [Test worker] INFO  org.supercat.growstone.XMLHelper - loading - file(C:\gs\growstone2\assets\resources\StatGrowths.xml)
2024-08-28 13:42:00 [Test worker] INFO  o.supercat.growstone.ResourceContext - loaded - org.supercat.growstone.managers.ResourceStatGrowthManager@3cf7298d
2024-08-28 13:42:00 [Test worker] INFO  org.supercat.growstone.XMLHelper - loading - file(C:\gs\growstone2\assets\resources\Dungeons.xml)
2024-08-28 13:42:00 [Test worker] INFO  o.supercat.growstone.ResourceContext - loaded - org.supercat.growstone.managers.ResourceDungeonManager@4d0753c9
2024-08-28 13:42:00 [Test worker] INFO  org.supercat.growstone.XMLHelper - loading - file(C:\gs\growstone2\assets\resources\Advertises.xml)
2024-08-28 13:42:00 [Test worker] INFO  o.supercat.growstone.ResourceContext - loaded - org.supercat.growstone.managers.ResourceAdvertiseManager@4d27d9d
2024-08-28 13:42:00 [Test worker] INFO  org.supercat.growstone.XMLHelper - loading - file(C:\gs\growstone2\assets\resources\ExplorationTiers.xml)
2024-08-28 13:42:00 [Test worker] INFO  org.supercat.growstone.XMLHelper - loading - file(C:\gs\growstone2\assets\resources\ExplorationLevels.xml)
2024-08-28 13:42:00 [Test worker] INFO  o.supercat.growstone.ResourceContext - loaded - org.supercat.growstone.managers.ResourceExplorationManager@c6b2dd9
2024-08-28 13:42:00 [Test worker] INFO  org.supercat.growstone.XMLHelper - loading - file(C:\gs\growstone2\assets\resources\GameData.xml)
2024-08-28 13:42:00 [Test worker] INFO  o.s.g.GameDatas.GameDataLoader - game data loading - path(C:\gs\growstone2\assets\resources\GameData.xml)
2024-08-28 13:42:00 [Test worker] INFO  org.supercat.growstone.XMLHelper - loading - file(C:\gs\growstone2\assets\resources\LevelConfig.xml)
2024-08-28 13:42:00 [Test worker] INFO  o.s.g.GameDatas.GameDataLoader - game data loading - path(C:\gs\growstone2\assets\resources\LevelConfig.xml)
2024-08-28 13:42:00 [Test worker] INFO  org.supercat.growstone.XMLHelper - loading - file(C:\gs\growstone2\assets\resources\ExplorationConfig.xml)
2024-08-28 13:42:00 [Test worker] INFO  o.s.g.GameDatas.GameDataLoader - game data loading - path(C:\gs\growstone2\assets\resources\ExplorationConfig.xml)
2024-08-28 13:42:00 [Test worker] ERROR o.s.growstone.GameDatas.GameData - failed to load GameData.xml files
2024-08-28 13:42:00 [Test worker] ERROR org.supercat.growstone.SLog - ------------------------------------------exception log------------------------------------------
2024-08-28 13:42:00 [Test worker] ERROR org.supercat.growstone.SLog - java.lang.RuntimeException: unknown key - MissionTicketID
2024-08-28 13:42:00 [Test worker] ERROR org.supercat.growstone.SLog - 	 at org.supercat.growstone.GameDatas.GameDataLoader.getInt(GameDataLoader.java:180)
2024-08-28 13:42:00 [Test worker] ERROR org.supercat.growstone.SLog - 	 at org.supercat.growstone.GameDatas.GameDataExploration.<init>(GameDataExploration.java:24)
2024-08-28 13:42:00 [Test worker] ERROR org.supercat.growstone.SLog - 	 at org.supercat.growstone.GameDatas.GameDataExploration.ofPath(GameDataExploration.java:20)
2024-08-28 13:42:00 [Test worker] ERROR org.supercat.growstone.SLog - 	 at org.supercat.growstone.GameDatas.GameData.reload(GameData.java:36)
2024-08-28 13:42:00 [Test worker] ERROR org.supercat.growstone.SLog - 	 at org.supercat.growstone.GameDatas.GameData.reloadWithExit(GameData.java:21)
2024-08-28 13:42:00 [Test worker] ERROR org.supercat.growstone.SLog - 	 at BaseServerTests.setup(BaseServerTests.java:32)
2024-08-28 13:42:00 [Test worker] ERROR org.supercat.growstone.SLog - 	 at java.base/jdk.internal.reflect.NativeMethodAccessorImpl.invoke0(Native Method)
2024-08-28 13:42:00 [Test worker] ERROR org.supercat.growstone.SLog - 	 at java.base/jdk.internal.reflect.NativeMethodAccessorImpl.invoke(NativeMethodAccessorImpl.java:77)
2024-08-28 13:42:00 [Test worker] ERROR org.supercat.growstone.SLog - 	 at java.base/jdk.internal.reflect.DelegatingMethodAccessorImpl.invoke(DelegatingMethodAccessorImpl.java:43)
2024-08-28 13:42:00 [Test worker] ERROR org.supercat.growstone.SLog - 	 at java.base/java.lang.reflect.Method.invoke(Method.java:568)
2024-08-28 13:42:00 [Test worker] ERROR org.supercat.growstone.SLog - 	 at org.junit.platform.commons.util.ReflectionUtils.invokeMethod(ReflectionUtils.java:727)
2024-08-28 13:42:00 [Test worker] ERROR org.supercat.growstone.SLog - 	 at org.junit.jupiter.engine.execution.MethodInvocation.proceed(MethodInvocation.java:60)
2024-08-28 13:42:00 [Test worker] ERROR org.supercat.growstone.SLog - 	 at org.junit.jupiter.engine.execution.InvocationInterceptorChain$ValidatingInvocation.proceed(InvocationInterceptorChain.java:131)
2024-08-28 13:42:00 [Test worker] ERROR org.supercat.growstone.SLog - 	 at org.junit.jupiter.engine.extension.TimeoutExtension.intercept(TimeoutExtension.java:156)
2024-08-28 13:42:00 [Test worker] ERROR org.supercat.growstone.SLog - 	 at org.junit.jupiter.engine.extension.TimeoutExtension.interceptLifecycleMethod(TimeoutExtension.java:128)
2024-08-28 13:42:00 [Test worker] ERROR org.supercat.growstone.SLog - 	 at org.junit.jupiter.engine.extension.TimeoutExtension.interceptBeforeAllMethod(TimeoutExtension.java:70)
2024-08-28 13:42:00 [Test worker] ERROR org.supercat.growstone.SLog - 	 at org.junit.jupiter.engine.execution.InterceptingExecutableInvoker$ReflectiveInterceptorCall.lambda$ofVoidMethod$0(InterceptingExecutableInvoker.java:103)
2024-08-28 13:42:00 [Test worker] ERROR org.supercat.growstone.SLog - 	 at org.junit.jupiter.engine.execution.InterceptingExecutableInvoker.lambda$invoke$0(InterceptingExecutableInvoker.java:93)
2024-08-28 13:42:00 [Test worker] ERROR org.supercat.growstone.SLog - 	 at org.junit.jupiter.engine.execution.InvocationInterceptorChain$InterceptedInvocation.proceed(InvocationInterceptorChain.java:106)
2024-08-28 13:42:00 [Test worker] ERROR org.supercat.growstone.SLog - 	 at org.junit.jupiter.engine.execution.InvocationInterceptorChain.proceed(InvocationInterceptorChain.java:64)
2024-08-28 13:42:00 [Test worker] ERROR org.supercat.growstone.SLog - 	 at org.junit.jupiter.engine.execution.InvocationInterceptorChain.chainAndInvoke(InvocationInterceptorChain.java:45)
2024-08-28 13:42:00 [Test worker] ERROR org.supercat.growstone.SLog - 	 at org.junit.jupiter.engine.execution.InvocationInterceptorChain.invoke(InvocationInterceptorChain.java:37)
2024-08-28 13:42:00 [Test worker] ERROR org.supercat.growstone.SLog - 	 at org.junit.jupiter.engine.execution.InterceptingExecutableInvoker.invoke(InterceptingExecutableInvoker.java:92)
2024-08-28 13:42:00 [Test worker] ERROR org.supercat.growstone.SLog - 	 at org.junit.jupiter.engine.execution.InterceptingExecutableInvoker.invoke(InterceptingExecutableInvoker.java:86)
2024-08-28 13:42:00 [Test worker] ERROR org.supercat.growstone.SLog - 	 at org.junit.jupiter.engine.descriptor.ClassBasedTestDescriptor.lambda$invokeBeforeAllMethods$13(ClassBasedTestDescriptor.java:411)
2024-08-28 13:42:00 [Test worker] ERROR org.supercat.growstone.SLog - 	 at org.junit.platform.engine.support.hierarchical.ThrowableCollector.execute(ThrowableCollector.java:73)
2024-08-28 13:42:00 [Test worker] ERROR org.supercat.growstone.SLog - 	 at org.junit.jupiter.engine.descriptor.ClassBasedTestDescriptor.invokeBeforeAllMethods(ClassBasedTestDescriptor.java:409)
2024-08-28 13:42:00 [Test worker] ERROR org.supercat.growstone.SLog - 	 at org.junit.jupiter.engine.descriptor.ClassBasedTestDescriptor.before(ClassBasedTestDescriptor.java:215)
2024-08-28 13:42:00 [Test worker] ERROR org.supercat.growstone.SLog - 	 at org.junit.jupiter.engine.descriptor.ClassBasedTestDescriptor.before(ClassBasedTestDescriptor.java:84)
2024-08-28 13:42:00 [Test worker] ERROR org.supercat.growstone.SLog - 	 at org.junit.platform.engine.support.hierarchical.NodeTestTask.lambda$executeRecursively$6(NodeTestTask.java:148)
2024-08-28 13:42:00 [Test worker] ERROR org.supercat.growstone.SLog - 	 at org.junit.platform.engine.support.hierarchical.ThrowableCollector.execute(ThrowableCollector.java:73)
2024-08-28 13:42:00 [Test worker] ERROR org.supercat.growstone.SLog - 	 at org.junit.platform.engine.support.hierarchical.NodeTestTask.lambda$executeRecursively$8(NodeTestTask.java:141)
2024-08-28 13:42:00 [Test worker] ERROR org.supercat.growstone.SLog - 	 at org.junit.platform.engine.support.hierarchical.Node.around(Node.java:137)
2024-08-28 13:42:00 [Test worker] ERROR org.supercat.growstone.SLog - 	 at org.junit.platform.engine.support.hierarchical.NodeTestTask.lambda$executeRecursively$9(NodeTestTask.java:139)
2024-08-28 13:42:00 [Test worker] ERROR org.supercat.growstone.SLog - 	 at org.junit.platform.engine.support.hierarchical.ThrowableCollector.execute(ThrowableCollector.java:73)
2024-08-28 13:42:00 [Test worker] ERROR org.supercat.growstone.SLog - 	 at org.junit.platform.engine.support.hierarchical.NodeTestTask.executeRecursively(NodeTestTask.java:138)
2024-08-28 13:42:00 [Test worker] ERROR org.supercat.growstone.SLog - 	 at org.junit.platform.engine.support.hierarchical.NodeTestTask.execute(NodeTestTask.java:95)
2024-08-28 13:42:00 [Test worker] ERROR org.supercat.growstone.SLog - 	 at java.base/java.util.ArrayList.forEach(ArrayList.java:1511)
2024-08-28 13:42:00 [Test worker] ERROR org.supercat.growstone.SLog - 	 at org.junit.platform.engine.support.hierarchical.SameThreadHierarchicalTestExecutorService.invokeAll(SameThreadHierarchicalTestExecutorService.java:41)
2024-08-28 13:42:00 [Test worker] ERROR org.supercat.growstone.SLog - 	 at org.junit.platform.engine.support.hierarchical.NodeTestTask.lambda$executeRecursively$6(NodeTestTask.java:155)
2024-08-28 13:42:00 [Test worker] ERROR org.supercat.growstone.SLog - 	 at org.junit.platform.engine.support.hierarchical.ThrowableCollector.execute(ThrowableCollector.java:73)
2024-08-28 13:42:00 [Test worker] ERROR org.supercat.growstone.SLog - 	 at org.junit.platform.engine.support.hierarchical.NodeTestTask.lambda$executeRecursively$8(NodeTestTask.java:141)
2024-08-28 13:42:00 [Test worker] ERROR org.supercat.growstone.SLog - 	 at org.junit.platform.engine.support.hierarchical.Node.around(Node.java:137)
2024-08-28 13:42:00 [Test worker] ERROR org.supercat.growstone.SLog - 	 at org.junit.platform.engine.support.hierarchical.NodeTestTask.lambda$executeRecursively$9(NodeTestTask.java:139)
2024-08-28 13:42:00 [Test worker] ERROR org.supercat.growstone.SLog - 	 at org.junit.platform.engine.support.hierarchical.ThrowableCollector.execute(ThrowableCollector.java:73)
2024-08-28 13:42:00 [Test worker] ERROR org.supercat.growstone.SLog - 	 at org.junit.platform.engine.support.hierarchical.NodeTestTask.executeRecursively(NodeTestTask.java:138)
2024-08-28 13:42:00 [Test worker] ERROR org.supercat.growstone.SLog - 	 at org.junit.platform.engine.support.hierarchical.NodeTestTask.execute(NodeTestTask.java:95)
2024-08-28 13:42:00 [Test worker] ERROR org.supercat.growstone.SLog - 	 at org.junit.platform.engine.support.hierarchical.SameThreadHierarchicalTestExecutorService.submit(SameThreadHierarchicalTestExecutorService.java:35)
2024-08-28 13:42:00 [Test worker] ERROR org.supercat.growstone.SLog - 	 at org.junit.platform.engine.support.hierarchical.HierarchicalTestExecutor.execute(HierarchicalTestExecutor.java:57)
2024-08-28 13:42:00 [Test worker] ERROR org.supercat.growstone.SLog - 	 at org.junit.platform.engine.support.hierarchical.HierarchicalTestEngine.execute(HierarchicalTestEngine.java:54)
2024-08-28 13:42:00 [Test worker] ERROR org.supercat.growstone.SLog - 	 at org.junit.platform.launcher.core.EngineExecutionOrchestrator.execute(EngineExecutionOrchestrator.java:107)
2024-08-28 13:42:00 [Test worker] ERROR org.supercat.growstone.SLog - 	 at org.junit.platform.launcher.core.EngineExecutionOrchestrator.execute(EngineExecutionOrchestrator.java:88)
2024-08-28 13:42:00 [Test worker] ERROR org.supercat.growstone.SLog - 	 at org.junit.platform.launcher.core.EngineExecutionOrchestrator.lambda$execute$0(EngineExecutionOrchestrator.java:54)
2024-08-28 13:42:00 [Test worker] ERROR org.supercat.growstone.SLog - 	 at org.junit.platform.launcher.core.EngineExecutionOrchestrator.withInterceptedStreams(EngineExecutionOrchestrator.java:67)
2024-08-28 13:42:00 [Test worker] ERROR org.supercat.growstone.SLog - 	 at org.junit.platform.launcher.core.EngineExecutionOrchestrator.execute(EngineExecutionOrchestrator.java:52)
2024-08-28 13:42:00 [Test worker] ERROR org.supercat.growstone.SLog - 	 at org.junit.platform.launcher.core.DefaultLauncher.execute(DefaultLauncher.java:114)
2024-08-28 13:42:00 [Test worker] ERROR org.supercat.growstone.SLog - 	 at org.junit.platform.launcher.core.DefaultLauncher.execute(DefaultLauncher.java:86)
2024-08-28 13:42:00 [Test worker] ERROR org.supercat.growstone.SLog - 	 at org.junit.platform.launcher.core.DefaultLauncherSession$DelegatingLauncher.execute(DefaultLauncherSession.java:86)
2024-08-28 13:42:00 [Test worker] ERROR org.supercat.growstone.SLog - 	 at org.gradle.api.internal.tasks.testing.junitplatform.JUnitPlatformTestClassProcessor$CollectAllTestClassesExecutor.processAllTestClasses(JUnitPlatformTestClassProcessor.java:110)
2024-08-28 13:42:00 [Test worker] ERROR org.supercat.growstone.SLog - 	 at org.gradle.api.internal.tasks.testing.junitplatform.JUnitPlatformTestClassProcessor$CollectAllTestClassesExecutor.access$000(JUnitPlatformTestClassProcessor.java:90)
2024-08-28 13:42:00 [Test worker] ERROR org.supercat.growstone.SLog - 	 at org.gradle.api.internal.tasks.testing.junitplatform.JUnitPlatformTestClassProcessor.stop(JUnitPlatformTestClassProcessor.java:85)
2024-08-28 13:42:00 [Test worker] ERROR org.supercat.growstone.SLog - 	 at org.gradle.api.internal.tasks.testing.SuiteTestClassProcessor.stop(SuiteTestClassProcessor.java:62)
2024-08-28 13:42:00 [Test worker] ERROR org.supercat.growstone.SLog - 	 at java.base/jdk.internal.reflect.NativeMethodAccessorImpl.invoke0(Native Method)
2024-08-28 13:42:00 [Test worker] ERROR org.supercat.growstone.SLog - 	 at java.base/jdk.internal.reflect.NativeMethodAccessorImpl.invoke(NativeMethodAccessorImpl.java:77)
2024-08-28 13:42:00 [Test worker] ERROR org.supercat.growstone.SLog - 	 at java.base/jdk.internal.reflect.DelegatingMethodAccessorImpl.invoke(DelegatingMethodAccessorImpl.java:43)
2024-08-28 13:42:00 [Test worker] ERROR org.supercat.growstone.SLog - 	 at java.base/java.lang.reflect.Method.invoke(Method.java:568)
2024-08-28 13:42:00 [Test worker] ERROR org.supercat.growstone.SLog - 	 at org.gradle.internal.dispatch.ReflectionDispatch.dispatch(ReflectionDispatch.java:36)
2024-08-28 13:42:00 [Test worker] ERROR org.supercat.growstone.SLog - 	 at org.gradle.internal.dispatch.ReflectionDispatch.dispatch(ReflectionDispatch.java:24)
2024-08-28 13:42:00 [Test worker] ERROR org.supercat.growstone.SLog - 	 at org.gradle.internal.dispatch.ContextClassLoaderDispatch.dispatch(ContextClassLoaderDispatch.java:33)
2024-08-28 13:42:00 [Test worker] ERROR org.supercat.growstone.SLog - 	 at org.gradle.internal.dispatch.ProxyDispatchAdapter$DispatchingInvocationHandler.invoke(ProxyDispatchAdapter.java:94)
2024-08-28 13:42:00 [Test worker] ERROR org.supercat.growstone.SLog - 	 at jdk.proxy1/jdk.proxy1.$Proxy2.stop(Unknown Source)
2024-08-28 13:42:00 [Test worker] ERROR org.supercat.growstone.SLog - 	 at org.gradle.api.internal.tasks.testing.worker.TestWorker$3.run(TestWorker.java:193)
2024-08-28 13:42:00 [Test worker] ERROR org.supercat.growstone.SLog - 	 at org.gradle.api.internal.tasks.testing.worker.TestWorker.executeAndMaintainThreadName(TestWorker.java:129)
2024-08-28 13:42:00 [Test worker] ERROR org.supercat.growstone.SLog - 	 at org.gradle.api.internal.tasks.testing.worker.TestWorker.execute(TestWorker.java:100)
2024-08-28 13:42:00 [Test worker] ERROR org.supercat.growstone.SLog - 	 at org.gradle.api.internal.tasks.testing.worker.TestWorker.execute(TestWorker.java:60)
2024-08-28 13:42:00 [Test worker] ERROR org.supercat.growstone.SLog - 	 at org.gradle.process.internal.worker.child.ActionExecutionWorker.execute(ActionExecutionWorker.java:56)
2024-08-28 13:42:00 [Test worker] ERROR org.supercat.growstone.SLog - 	 at org.gradle.process.internal.worker.child.SystemApplicationClassLoaderWorker.call(SystemApplicationClassLoaderWorker.java:113)
2024-08-28 13:42:00 [Test worker] ERROR org.supercat.growstone.SLog - 	 at org.gradle.process.internal.worker.child.SystemApplicationClassLoaderWorker.call(SystemApplicationClassLoaderWorker.java:65)
2024-08-28 13:42:00 [Test worker] ERROR org.supercat.growstone.SLog - 	 at worker.org.gradle.process.internal.worker.GradleWorkerMain.run(GradleWorkerMain.java:69)
2024-08-28 13:42:00 [Test worker] ERROR org.supercat.growstone.SLog - 	 at worker.org.gradle.process.internal.worker.GradleWorkerMain.main(GradleWorkerMain.java:74)
2024-08-28 13:42:00 [Test worker] ERROR org.supercat.growstone.SLog - ------------------------------------------exception log------------------------------------------
2024-08-28 13:42:19 [Test worker] INFO  com.zaxxer.hikari.HikariDataSource - HikariPool-1 - Starting...
2024-08-28 13:42:19 [Test worker] INFO  com.zaxxer.hikari.pool.HikariPool - HikariPool-1 - Added connection com.mysql.cj.jdbc.ConnectionImpl@61799544
2024-08-28 13:42:19 [Test worker] INFO  com.zaxxer.hikari.HikariDataSource - HikariPool-1 - Start completed.
2024-08-28 13:42:19 [Test worker] INFO  org.supercat.growstone.XMLHelper - loading - file(C:\gs\growstone2\assets\resources\Items-PortraitIcon.xml)
2024-08-28 13:42:19 [Test worker] INFO  org.supercat.growstone.XMLHelper - loading - file(C:\gs\growstone2\assets\resources\Items.xml)
2024-08-28 13:42:19 [Test worker] INFO  o.supercat.growstone.ResourceContext - loaded - org.supercat.growstone.managers.ResourceItemManager@499683c4
2024-08-28 13:42:19 [Test worker] INFO  org.supercat.growstone.XMLHelper - loading - file(C:\gs\growstone2\assets\resources\Growth-Pets.xml)
2024-08-28 13:42:19 [ForkJoinPool.commonPool-worker-1] INFO  org.supercat.growstone.XMLHelper - loading - file(C:\gs\growstone2\assets\resources\Growth-Stones.xml)
2024-08-28 13:42:19 [ForkJoinPool.commonPool-worker-1] INFO  org.supercat.growstone.XMLHelper - loading - file(C:\gs\growstone2\assets\resources\Growth-Parts.xml)
2024-08-28 13:42:20 [Test worker] INFO  org.supercat.growstone.XMLHelper - loading - file(C:\gs\growstone2\assets\resources\GrowthUpgrades.xml)
2024-08-28 13:42:20 [Test worker] INFO  o.supercat.growstone.ResourceContext - loaded - org.supercat.growstone.managers.ResourceGrowthManager@46cb98a3
2024-08-28 13:42:20 [Test worker] INFO  org.supercat.growstone.XMLHelper - loading - file(C:\gs\growstone2\assets\resources\Growth-Pets.xml)
2024-08-28 13:42:20 [ForkJoinPool.commonPool-worker-1] INFO  org.supercat.growstone.XMLHelper - loading - file(C:\gs\growstone2\assets\resources\Growth-Stones.xml)
2024-08-28 13:42:20 [ForkJoinPool.commonPool-worker-1] INFO  org.supercat.growstone.XMLHelper - loading - file(C:\gs\growstone2\assets\resources\Growth-Parts.xml)
2024-08-28 13:42:20 [Test worker] INFO  org.supercat.growstone.XMLHelper - loading - file(C:\gs\growstone2\assets\resources\GrowthUpgrades.xml)
2024-08-28 13:42:20 [Test worker] INFO  o.supercat.growstone.ResourceContext - loaded - org.supercat.growstone.managers.ResourceGrowthManager@3ffb3598
2024-08-28 13:42:20 [Test worker] INFO  org.supercat.growstone.XMLHelper - loading - file(C:\gs\growstone2\assets\resources\Collections.xml)
2024-08-28 13:42:20 [Test worker] INFO  o.supercat.growstone.ResourceContext - loaded - org.supercat.growstone.managers.ResourceCollectionManager@2e3f79a2
2024-08-28 13:42:20 [Test worker] INFO  org.supercat.growstone.XMLHelper - loading - file(C:\gs\growstone2\assets\resources\PartsSlots.xml)
2024-08-28 13:42:20 [Test worker] INFO  o.supercat.growstone.ResourceContext - loaded - org.supercat.growstone.managers.ResourcePartsSlotManager@25e49cb2
2024-08-28 13:42:20 [Test worker] INFO  org.supercat.growstone.XMLHelper - loading - file(C:\gs\growstone2\assets\resources\Maps.xml)
2024-08-28 13:42:20 [Test worker] INFO  o.supercat.growstone.ResourceContext - loaded - org.supercat.growstone.managers.ResourceMapManager@554cd74a
2024-08-28 13:42:20 [Test worker] INFO  org.supercat.growstone.XMLHelper - loading - file(C:\gs\growstone2\assets\resources\StageGroups.xml)
2024-08-28 13:42:20 [Test worker] INFO  o.supercat.growstone.ResourceContext - loaded - org.supercat.growstone.managers.ResourceStageGroupManager@51ce6f85
2024-08-28 13:42:20 [Test worker] INFO  org.supercat.growstone.XMLHelper - loading - file(C:\gs\growstone2\assets\resources\DropTables.xml)
2024-08-28 13:42:20 [Test worker] INFO  o.supercat.growstone.ResourceContext - loaded - org.supercat.growstone.managers.ResourceDropTableManager@7eb6b6b6
2024-08-28 13:42:20 [Test worker] INFO  org.supercat.growstone.XMLHelper - loading - file(C:\gs\growstone2\assets\resources\Avatars.xml)
2024-08-28 13:42:20 [Test worker] INFO  o.supercat.growstone.ResourceContext - loaded - org.supercat.growstone.managers.ResourceAvatarManager@59c33386
2024-08-28 13:42:20 [Test worker] INFO  org.supercat.growstone.XMLHelper - loading - file(C:\gs\growstone2\assets\resources\StatGrowths.xml)
2024-08-28 13:42:20 [Test worker] INFO  o.supercat.growstone.ResourceContext - loaded - org.supercat.growstone.managers.ResourceStatGrowthManager@6c575325
2024-08-28 13:42:20 [Test worker] INFO  org.supercat.growstone.XMLHelper - loading - file(C:\gs\growstone2\assets\resources\Dungeons.xml)
2024-08-28 13:42:20 [Test worker] INFO  o.supercat.growstone.ResourceContext - loaded - org.supercat.growstone.managers.ResourceDungeonManager@7df76d99
2024-08-28 13:42:20 [Test worker] INFO  org.supercat.growstone.XMLHelper - loading - file(C:\gs\growstone2\assets\resources\Advertises.xml)
2024-08-28 13:42:20 [Test worker] INFO  o.supercat.growstone.ResourceContext - loaded - org.supercat.growstone.managers.ResourceAdvertiseManager@e322ec9
2024-08-28 13:42:20 [Test worker] INFO  org.supercat.growstone.XMLHelper - loading - file(C:\gs\growstone2\assets\resources\ExplorationTiers.xml)
2024-08-28 13:42:20 [Test worker] INFO  org.supercat.growstone.XMLHelper - loading - file(C:\gs\growstone2\assets\resources\ExplorationLevels.xml)
2024-08-28 13:42:20 [Test worker] INFO  o.supercat.growstone.ResourceContext - loaded - org.supercat.growstone.managers.ResourceExplorationManager@43f0c2d1
2024-08-28 13:42:20 [Test worker] INFO  org.supercat.growstone.XMLHelper - loading - file(C:\gs\growstone2\assets\resources\GameData.xml)
2024-08-28 13:42:20 [Test worker] INFO  o.s.g.GameDatas.GameDataLoader - game data loading - path(C:\gs\growstone2\assets\resources\GameData.xml)
2024-08-28 13:42:20 [Test worker] INFO  org.supercat.growstone.XMLHelper - loading - file(C:\gs\growstone2\assets\resources\LevelConfig.xml)
2024-08-28 13:42:20 [Test worker] INFO  o.s.g.GameDatas.GameDataLoader - game data loading - path(C:\gs\growstone2\assets\resources\LevelConfig.xml)
2024-08-28 13:42:20 [Test worker] INFO  org.supercat.growstone.XMLHelper - loading - file(C:\gs\growstone2\assets\resources\ExplorationConfig.xml)
2024-08-28 13:42:20 [Test worker] INFO  o.s.g.GameDatas.GameDataLoader - game data loading - path(C:\gs\growstone2\assets\resources\ExplorationConfig.xml)
2024-08-28 13:42:20 [Test worker] ERROR o.s.growstone.GameDatas.GameData - failed to load GameData.xml files
2024-08-28 13:42:20 [Test worker] ERROR org.supercat.growstone.SLog - ------------------------------------------exception log------------------------------------------
2024-08-28 13:42:20 [Test worker] ERROR org.supercat.growstone.SLog - java.lang.RuntimeException: unknown key - MissionTicketID
2024-08-28 13:42:20 [Test worker] ERROR org.supercat.growstone.SLog - 	 at org.supercat.growstone.GameDatas.GameDataLoader.getInt(GameDataLoader.java:180)
2024-08-28 13:42:20 [Test worker] ERROR org.supercat.growstone.SLog - 	 at org.supercat.growstone.GameDatas.GameDataExploration.<init>(GameDataExploration.java:24)
2024-08-28 13:42:20 [Test worker] ERROR org.supercat.growstone.SLog - 	 at org.supercat.growstone.GameDatas.GameDataExploration.ofPath(GameDataExploration.java:20)
2024-08-28 13:42:20 [Test worker] ERROR org.supercat.growstone.SLog - 	 at org.supercat.growstone.GameDatas.GameData.reload(GameData.java:36)
2024-08-28 13:42:20 [Test worker] ERROR org.supercat.growstone.SLog - 	 at org.supercat.growstone.GameDatas.GameData.reloadWithExit(GameData.java:21)
2024-08-28 13:42:20 [Test worker] ERROR org.supercat.growstone.SLog - 	 at BaseServerTests.setup(BaseServerTests.java:32)
2024-08-28 13:42:20 [Test worker] ERROR org.supercat.growstone.SLog - 	 at java.base/jdk.internal.reflect.NativeMethodAccessorImpl.invoke0(Native Method)
2024-08-28 13:42:20 [Test worker] ERROR org.supercat.growstone.SLog - 	 at java.base/jdk.internal.reflect.NativeMethodAccessorImpl.invoke(NativeMethodAccessorImpl.java:77)
2024-08-28 13:42:20 [Test worker] ERROR org.supercat.growstone.SLog - 	 at java.base/jdk.internal.reflect.DelegatingMethodAccessorImpl.invoke(DelegatingMethodAccessorImpl.java:43)
2024-08-28 13:42:20 [Test worker] ERROR org.supercat.growstone.SLog - 	 at java.base/java.lang.reflect.Method.invoke(Method.java:568)
2024-08-28 13:42:20 [Test worker] ERROR org.supercat.growstone.SLog - 	 at org.junit.platform.commons.util.ReflectionUtils.invokeMethod(ReflectionUtils.java:727)
2024-08-28 13:42:20 [Test worker] ERROR org.supercat.growstone.SLog - 	 at org.junit.jupiter.engine.execution.MethodInvocation.proceed(MethodInvocation.java:60)
2024-08-28 13:42:20 [Test worker] ERROR org.supercat.growstone.SLog - 	 at org.junit.jupiter.engine.execution.InvocationInterceptorChain$ValidatingInvocation.proceed(InvocationInterceptorChain.java:131)
2024-08-28 13:42:20 [Test worker] ERROR org.supercat.growstone.SLog - 	 at org.junit.jupiter.engine.extension.TimeoutExtension.intercept(TimeoutExtension.java:156)
2024-08-28 13:42:20 [Test worker] ERROR org.supercat.growstone.SLog - 	 at org.junit.jupiter.engine.extension.TimeoutExtension.interceptLifecycleMethod(TimeoutExtension.java:128)
2024-08-28 13:42:20 [Test worker] ERROR org.supercat.growstone.SLog - 	 at org.junit.jupiter.engine.extension.TimeoutExtension.interceptBeforeAllMethod(TimeoutExtension.java:70)
2024-08-28 13:42:20 [Test worker] ERROR org.supercat.growstone.SLog - 	 at org.junit.jupiter.engine.execution.InterceptingExecutableInvoker$ReflectiveInterceptorCall.lambda$ofVoidMethod$0(InterceptingExecutableInvoker.java:103)
2024-08-28 13:42:20 [Test worker] ERROR org.supercat.growstone.SLog - 	 at org.junit.jupiter.engine.execution.InterceptingExecutableInvoker.lambda$invoke$0(InterceptingExecutableInvoker.java:93)
2024-08-28 13:42:20 [Test worker] ERROR org.supercat.growstone.SLog - 	 at org.junit.jupiter.engine.execution.InvocationInterceptorChain$InterceptedInvocation.proceed(InvocationInterceptorChain.java:106)
2024-08-28 13:42:20 [Test worker] ERROR org.supercat.growstone.SLog - 	 at org.junit.jupiter.engine.execution.InvocationInterceptorChain.proceed(InvocationInterceptorChain.java:64)
2024-08-28 13:42:20 [Test worker] ERROR org.supercat.growstone.SLog - 	 at org.junit.jupiter.engine.execution.InvocationInterceptorChain.chainAndInvoke(InvocationInterceptorChain.java:45)
2024-08-28 13:42:20 [Test worker] ERROR org.supercat.growstone.SLog - 	 at org.junit.jupiter.engine.execution.InvocationInterceptorChain.invoke(InvocationInterceptorChain.java:37)
2024-08-28 13:42:20 [Test worker] ERROR org.supercat.growstone.SLog - 	 at org.junit.jupiter.engine.execution.InterceptingExecutableInvoker.invoke(InterceptingExecutableInvoker.java:92)
2024-08-28 13:42:20 [Test worker] ERROR org.supercat.growstone.SLog - 	 at org.junit.jupiter.engine.execution.InterceptingExecutableInvoker.invoke(InterceptingExecutableInvoker.java:86)
2024-08-28 13:42:20 [Test worker] ERROR org.supercat.growstone.SLog - 	 at org.junit.jupiter.engine.descriptor.ClassBasedTestDescriptor.lambda$invokeBeforeAllMethods$13(ClassBasedTestDescriptor.java:411)
2024-08-28 13:42:20 [Test worker] ERROR org.supercat.growstone.SLog - 	 at org.junit.platform.engine.support.hierarchical.ThrowableCollector.execute(ThrowableCollector.java:73)
2024-08-28 13:42:20 [Test worker] ERROR org.supercat.growstone.SLog - 	 at org.junit.jupiter.engine.descriptor.ClassBasedTestDescriptor.invokeBeforeAllMethods(ClassBasedTestDescriptor.java:409)
2024-08-28 13:42:20 [Test worker] ERROR org.supercat.growstone.SLog - 	 at org.junit.jupiter.engine.descriptor.ClassBasedTestDescriptor.before(ClassBasedTestDescriptor.java:215)
2024-08-28 13:42:20 [Test worker] ERROR org.supercat.growstone.SLog - 	 at org.junit.jupiter.engine.descriptor.ClassBasedTestDescriptor.before(ClassBasedTestDescriptor.java:84)
2024-08-28 13:42:20 [Test worker] ERROR org.supercat.growstone.SLog - 	 at org.junit.platform.engine.support.hierarchical.NodeTestTask.lambda$executeRecursively$6(NodeTestTask.java:148)
2024-08-28 13:42:20 [Test worker] ERROR org.supercat.growstone.SLog - 	 at org.junit.platform.engine.support.hierarchical.ThrowableCollector.execute(ThrowableCollector.java:73)
2024-08-28 13:42:20 [Test worker] ERROR org.supercat.growstone.SLog - 	 at org.junit.platform.engine.support.hierarchical.NodeTestTask.lambda$executeRecursively$8(NodeTestTask.java:141)
2024-08-28 13:42:20 [Test worker] ERROR org.supercat.growstone.SLog - 	 at org.junit.platform.engine.support.hierarchical.Node.around(Node.java:137)
2024-08-28 13:42:20 [Test worker] ERROR org.supercat.growstone.SLog - 	 at org.junit.platform.engine.support.hierarchical.NodeTestTask.lambda$executeRecursively$9(NodeTestTask.java:139)
2024-08-28 13:42:20 [Test worker] ERROR org.supercat.growstone.SLog - 	 at org.junit.platform.engine.support.hierarchical.ThrowableCollector.execute(ThrowableCollector.java:73)
2024-08-28 13:42:20 [Test worker] ERROR org.supercat.growstone.SLog - 	 at org.junit.platform.engine.support.hierarchical.NodeTestTask.executeRecursively(NodeTestTask.java:138)
2024-08-28 13:42:20 [Test worker] ERROR org.supercat.growstone.SLog - 	 at org.junit.platform.engine.support.hierarchical.NodeTestTask.execute(NodeTestTask.java:95)
2024-08-28 13:42:20 [Test worker] ERROR org.supercat.growstone.SLog - 	 at java.base/java.util.ArrayList.forEach(ArrayList.java:1511)
2024-08-28 13:42:20 [Test worker] ERROR org.supercat.growstone.SLog - 	 at org.junit.platform.engine.support.hierarchical.SameThreadHierarchicalTestExecutorService.invokeAll(SameThreadHierarchicalTestExecutorService.java:41)
2024-08-28 13:42:20 [Test worker] ERROR org.supercat.growstone.SLog - 	 at org.junit.platform.engine.support.hierarchical.NodeTestTask.lambda$executeRecursively$6(NodeTestTask.java:155)
2024-08-28 13:42:20 [Test worker] ERROR org.supercat.growstone.SLog - 	 at org.junit.platform.engine.support.hierarchical.ThrowableCollector.execute(ThrowableCollector.java:73)
2024-08-28 13:42:20 [Test worker] ERROR org.supercat.growstone.SLog - 	 at org.junit.platform.engine.support.hierarchical.NodeTestTask.lambda$executeRecursively$8(NodeTestTask.java:141)
2024-08-28 13:42:20 [Test worker] ERROR org.supercat.growstone.SLog - 	 at org.junit.platform.engine.support.hierarchical.Node.around(Node.java:137)
2024-08-28 13:42:20 [Test worker] ERROR org.supercat.growstone.SLog - 	 at org.junit.platform.engine.support.hierarchical.NodeTestTask.lambda$executeRecursively$9(NodeTestTask.java:139)
2024-08-28 13:42:20 [Test worker] ERROR org.supercat.growstone.SLog - 	 at org.junit.platform.engine.support.hierarchical.ThrowableCollector.execute(ThrowableCollector.java:73)
2024-08-28 13:42:20 [Test worker] ERROR org.supercat.growstone.SLog - 	 at org.junit.platform.engine.support.hierarchical.NodeTestTask.executeRecursively(NodeTestTask.java:138)
2024-08-28 13:42:20 [Test worker] ERROR org.supercat.growstone.SLog - 	 at org.junit.platform.engine.support.hierarchical.NodeTestTask.execute(NodeTestTask.java:95)
2024-08-28 13:42:20 [Test worker] ERROR org.supercat.growstone.SLog - 	 at org.junit.platform.engine.support.hierarchical.SameThreadHierarchicalTestExecutorService.submit(SameThreadHierarchicalTestExecutorService.java:35)
2024-08-28 13:42:20 [Test worker] ERROR org.supercat.growstone.SLog - 	 at org.junit.platform.engine.support.hierarchical.HierarchicalTestExecutor.execute(HierarchicalTestExecutor.java:57)
2024-08-28 13:42:20 [Test worker] ERROR org.supercat.growstone.SLog - 	 at org.junit.platform.engine.support.hierarchical.HierarchicalTestEngine.execute(HierarchicalTestEngine.java:54)
2024-08-28 13:42:20 [Test worker] ERROR org.supercat.growstone.SLog - 	 at org.junit.platform.launcher.core.EngineExecutionOrchestrator.execute(EngineExecutionOrchestrator.java:107)
2024-08-28 13:42:20 [Test worker] ERROR org.supercat.growstone.SLog - 	 at org.junit.platform.launcher.core.EngineExecutionOrchestrator.execute(EngineExecutionOrchestrator.java:88)
2024-08-28 13:42:20 [Test worker] ERROR org.supercat.growstone.SLog - 	 at org.junit.platform.launcher.core.EngineExecutionOrchestrator.lambda$execute$0(EngineExecutionOrchestrator.java:54)
2024-08-28 13:42:20 [Test worker] ERROR org.supercat.growstone.SLog - 	 at org.junit.platform.launcher.core.EngineExecutionOrchestrator.withInterceptedStreams(EngineExecutionOrchestrator.java:67)
2024-08-28 13:42:20 [Test worker] ERROR org.supercat.growstone.SLog - 	 at org.junit.platform.launcher.core.EngineExecutionOrchestrator.execute(EngineExecutionOrchestrator.java:52)
2024-08-28 13:42:20 [Test worker] ERROR org.supercat.growstone.SLog - 	 at org.junit.platform.launcher.core.DefaultLauncher.execute(DefaultLauncher.java:114)
2024-08-28 13:42:20 [Test worker] ERROR org.supercat.growstone.SLog - 	 at org.junit.platform.launcher.core.DefaultLauncher.execute(DefaultLauncher.java:86)
2024-08-28 13:42:20 [Test worker] ERROR org.supercat.growstone.SLog - 	 at org.junit.platform.launcher.core.DefaultLauncherSession$DelegatingLauncher.execute(DefaultLauncherSession.java:86)
2024-08-28 13:42:20 [Test worker] ERROR org.supercat.growstone.SLog - 	 at org.gradle.api.internal.tasks.testing.junitplatform.JUnitPlatformTestClassProcessor$CollectAllTestClassesExecutor.processAllTestClasses(JUnitPlatformTestClassProcessor.java:110)
2024-08-28 13:42:20 [Test worker] ERROR org.supercat.growstone.SLog - 	 at org.gradle.api.internal.tasks.testing.junitplatform.JUnitPlatformTestClassProcessor$CollectAllTestClassesExecutor.access$000(JUnitPlatformTestClassProcessor.java:90)
2024-08-28 13:42:20 [Test worker] ERROR org.supercat.growstone.SLog - 	 at org.gradle.api.internal.tasks.testing.junitplatform.JUnitPlatformTestClassProcessor.stop(JUnitPlatformTestClassProcessor.java:85)
2024-08-28 13:42:20 [Test worker] ERROR org.supercat.growstone.SLog - 	 at org.gradle.api.internal.tasks.testing.SuiteTestClassProcessor.stop(SuiteTestClassProcessor.java:62)
2024-08-28 13:42:20 [Test worker] ERROR org.supercat.growstone.SLog - 	 at java.base/jdk.internal.reflect.NativeMethodAccessorImpl.invoke0(Native Method)
2024-08-28 13:42:20 [Test worker] ERROR org.supercat.growstone.SLog - 	 at java.base/jdk.internal.reflect.NativeMethodAccessorImpl.invoke(NativeMethodAccessorImpl.java:77)
2024-08-28 13:42:20 [Test worker] ERROR org.supercat.growstone.SLog - 	 at java.base/jdk.internal.reflect.DelegatingMethodAccessorImpl.invoke(DelegatingMethodAccessorImpl.java:43)
2024-08-28 13:42:20 [Test worker] ERROR org.supercat.growstone.SLog - 	 at java.base/java.lang.reflect.Method.invoke(Method.java:568)
2024-08-28 13:42:20 [Test worker] ERROR org.supercat.growstone.SLog - 	 at org.gradle.internal.dispatch.ReflectionDispatch.dispatch(ReflectionDispatch.java:36)
2024-08-28 13:42:20 [Test worker] ERROR org.supercat.growstone.SLog - 	 at org.gradle.internal.dispatch.ReflectionDispatch.dispatch(ReflectionDispatch.java:24)
2024-08-28 13:42:20 [Test worker] ERROR org.supercat.growstone.SLog - 	 at org.gradle.internal.dispatch.ContextClassLoaderDispatch.dispatch(ContextClassLoaderDispatch.java:33)
2024-08-28 13:42:20 [Test worker] ERROR org.supercat.growstone.SLog - 	 at org.gradle.internal.dispatch.ProxyDispatchAdapter$DispatchingInvocationHandler.invoke(ProxyDispatchAdapter.java:94)
2024-08-28 13:42:20 [Test worker] ERROR org.supercat.growstone.SLog - 	 at jdk.proxy1/jdk.proxy1.$Proxy2.stop(Unknown Source)
2024-08-28 13:42:20 [Test worker] ERROR org.supercat.growstone.SLog - 	 at org.gradle.api.internal.tasks.testing.worker.TestWorker$3.run(TestWorker.java:193)
2024-08-28 13:42:20 [Test worker] ERROR org.supercat.growstone.SLog - 	 at org.gradle.api.internal.tasks.testing.worker.TestWorker.executeAndMaintainThreadName(TestWorker.java:129)
2024-08-28 13:42:20 [Test worker] ERROR org.supercat.growstone.SLog - 	 at org.gradle.api.internal.tasks.testing.worker.TestWorker.execute(TestWorker.java:100)
2024-08-28 13:42:20 [Test worker] ERROR org.supercat.growstone.SLog - 	 at org.gradle.api.internal.tasks.testing.worker.TestWorker.execute(TestWorker.java:60)
2024-08-28 13:42:20 [Test worker] ERROR org.supercat.growstone.SLog - 	 at org.gradle.process.internal.worker.child.ActionExecutionWorker.execute(ActionExecutionWorker.java:56)
2024-08-28 13:42:20 [Test worker] ERROR org.supercat.growstone.SLog - 	 at org.gradle.process.internal.worker.child.SystemApplicationClassLoaderWorker.call(SystemApplicationClassLoaderWorker.java:113)
2024-08-28 13:42:20 [Test worker] ERROR org.supercat.growstone.SLog - 	 at org.gradle.process.internal.worker.child.SystemApplicationClassLoaderWorker.call(SystemApplicationClassLoaderWorker.java:65)
2024-08-28 13:42:20 [Test worker] ERROR org.supercat.growstone.SLog - 	 at worker.org.gradle.process.internal.worker.GradleWorkerMain.run(GradleWorkerMain.java:69)
2024-08-28 13:42:20 [Test worker] ERROR org.supercat.growstone.SLog - 	 at worker.org.gradle.process.internal.worker.GradleWorkerMain.main(GradleWorkerMain.java:74)
2024-08-28 13:42:20 [Test worker] ERROR org.supercat.growstone.SLog - ------------------------------------------exception log------------------------------------------
2024-08-28 13:43:40 [Test worker] ERROR org.supercat.growstone.SLog - ------------------------------------------exception log------------------------------------------
2024-08-28 13:43:40 [Test worker] ERROR org.supercat.growstone.SLog - java.io.FileNotFoundException: C:\growstone\growstone2-server\properties\config.properties (지정된 파일을 찾을 수 없습니다)
2024-08-28 13:43:40 [Test worker] ERROR org.supercat.growstone.SLog - 	 at java.base/java.io.FileInputStream.open0(Native Method)
2024-08-28 13:43:40 [Test worker] ERROR org.supercat.growstone.SLog - 	 at java.base/java.io.FileInputStream.open(FileInputStream.java:216)
2024-08-28 13:43:40 [Test worker] ERROR org.supercat.growstone.SLog - 	 at java.base/java.io.FileInputStream.<init>(FileInputStream.java:157)
2024-08-28 13:43:40 [Test worker] ERROR org.supercat.growstone.SLog - 	 at java.base/java.io.FileInputStream.<init>(FileInputStream.java:111)
2024-08-28 13:43:40 [Test worker] ERROR org.supercat.growstone.SLog - 	 at org.supercat.growstone.config.SConfig.init(SConfig.java:16)
2024-08-28 13:43:40 [Test worker] ERROR org.supercat.growstone.SLog - 	 at BaseServerTests.setup(BaseServerTests.java:24)
2024-08-28 13:43:40 [Test worker] ERROR org.supercat.growstone.SLog - 	 at java.base/jdk.internal.reflect.NativeMethodAccessorImpl.invoke0(Native Method)
2024-08-28 13:43:40 [Test worker] ERROR org.supercat.growstone.SLog - 	 at java.base/jdk.internal.reflect.NativeMethodAccessorImpl.invoke(NativeMethodAccessorImpl.java:77)
2024-08-28 13:43:40 [Test worker] ERROR org.supercat.growstone.SLog - 	 at java.base/jdk.internal.reflect.DelegatingMethodAccessorImpl.invoke(DelegatingMethodAccessorImpl.java:43)
2024-08-28 13:43:40 [Test worker] ERROR org.supercat.growstone.SLog - 	 at java.base/java.lang.reflect.Method.invoke(Method.java:568)
2024-08-28 13:43:40 [Test worker] ERROR org.supercat.growstone.SLog - 	 at org.junit.platform.commons.util.ReflectionUtils.invokeMethod(ReflectionUtils.java:727)
2024-08-28 13:43:40 [Test worker] ERROR org.supercat.growstone.SLog - 	 at org.junit.jupiter.engine.execution.MethodInvocation.proceed(MethodInvocation.java:60)
2024-08-28 13:43:40 [Test worker] ERROR org.supercat.growstone.SLog - 	 at org.junit.jupiter.engine.execution.InvocationInterceptorChain$ValidatingInvocation.proceed(InvocationInterceptorChain.java:131)
2024-08-28 13:43:40 [Test worker] ERROR org.supercat.growstone.SLog - 	 at org.junit.jupiter.engine.extension.TimeoutExtension.intercept(TimeoutExtension.java:156)
2024-08-28 13:43:40 [Test worker] ERROR org.supercat.growstone.SLog - 	 at org.junit.jupiter.engine.extension.TimeoutExtension.interceptLifecycleMethod(TimeoutExtension.java:128)
2024-08-28 13:43:40 [Test worker] ERROR org.supercat.growstone.SLog - 	 at org.junit.jupiter.engine.extension.TimeoutExtension.interceptBeforeAllMethod(TimeoutExtension.java:70)
2024-08-28 13:43:40 [Test worker] ERROR org.supercat.growstone.SLog - 	 at org.junit.jupiter.engine.execution.InterceptingExecutableInvoker$ReflectiveInterceptorCall.lambda$ofVoidMethod$0(InterceptingExecutableInvoker.java:103)
2024-08-28 13:43:40 [Test worker] ERROR org.supercat.growstone.SLog - 	 at org.junit.jupiter.engine.execution.InterceptingExecutableInvoker.lambda$invoke$0(InterceptingExecutableInvoker.java:93)
2024-08-28 13:43:40 [Test worker] ERROR org.supercat.growstone.SLog - 	 at org.junit.jupiter.engine.execution.InvocationInterceptorChain$InterceptedInvocation.proceed(InvocationInterceptorChain.java:106)
2024-08-28 13:43:40 [Test worker] ERROR org.supercat.growstone.SLog - 	 at org.junit.jupiter.engine.execution.InvocationInterceptorChain.proceed(InvocationInterceptorChain.java:64)
2024-08-28 13:43:40 [Test worker] ERROR org.supercat.growstone.SLog - 	 at org.junit.jupiter.engine.execution.InvocationInterceptorChain.chainAndInvoke(InvocationInterceptorChain.java:45)
2024-08-28 13:43:40 [Test worker] ERROR org.supercat.growstone.SLog - 	 at org.junit.jupiter.engine.execution.InvocationInterceptorChain.invoke(InvocationInterceptorChain.java:37)
2024-08-28 13:43:40 [Test worker] ERROR org.supercat.growstone.SLog - 	 at org.junit.jupiter.engine.execution.InterceptingExecutableInvoker.invoke(InterceptingExecutableInvoker.java:92)
2024-08-28 13:43:40 [Test worker] ERROR org.supercat.growstone.SLog - 	 at org.junit.jupiter.engine.execution.InterceptingExecutableInvoker.invoke(InterceptingExecutableInvoker.java:86)
2024-08-28 13:43:40 [Test worker] ERROR org.supercat.growstone.SLog - 	 at org.junit.jupiter.engine.descriptor.ClassBasedTestDescriptor.lambda$invokeBeforeAllMethods$13(ClassBasedTestDescriptor.java:411)
2024-08-28 13:43:40 [Test worker] ERROR org.supercat.growstone.SLog - 	 at org.junit.platform.engine.support.hierarchical.ThrowableCollector.execute(ThrowableCollector.java:73)
2024-08-28 13:43:40 [Test worker] ERROR org.supercat.growstone.SLog - 	 at org.junit.jupiter.engine.descriptor.ClassBasedTestDescriptor.invokeBeforeAllMethods(ClassBasedTestDescriptor.java:409)
2024-08-28 13:43:40 [Test worker] ERROR org.supercat.growstone.SLog - 	 at org.junit.jupiter.engine.descriptor.ClassBasedTestDescriptor.before(ClassBasedTestDescriptor.java:215)
2024-08-28 13:43:40 [Test worker] ERROR org.supercat.growstone.SLog - 	 at org.junit.jupiter.engine.descriptor.ClassBasedTestDescriptor.before(ClassBasedTestDescriptor.java:84)
2024-08-28 13:43:40 [Test worker] ERROR org.supercat.growstone.SLog - 	 at org.junit.platform.engine.support.hierarchical.NodeTestTask.lambda$executeRecursively$6(NodeTestTask.java:148)
2024-08-28 13:43:40 [Test worker] ERROR org.supercat.growstone.SLog - 	 at org.junit.platform.engine.support.hierarchical.ThrowableCollector.execute(ThrowableCollector.java:73)
2024-08-28 13:43:40 [Test worker] ERROR org.supercat.growstone.SLog - 	 at org.junit.platform.engine.support.hierarchical.NodeTestTask.lambda$executeRecursively$8(NodeTestTask.java:141)
2024-08-28 13:43:40 [Test worker] ERROR org.supercat.growstone.SLog - 	 at org.junit.platform.engine.support.hierarchical.Node.around(Node.java:137)
2024-08-28 13:43:40 [Test worker] ERROR org.supercat.growstone.SLog - 	 at org.junit.platform.engine.support.hierarchical.NodeTestTask.lambda$executeRecursively$9(NodeTestTask.java:139)
2024-08-28 13:43:40 [Test worker] ERROR org.supercat.growstone.SLog - 	 at org.junit.platform.engine.support.hierarchical.ThrowableCollector.execute(ThrowableCollector.java:73)
2024-08-28 13:43:40 [Test worker] ERROR org.supercat.growstone.SLog - 	 at org.junit.platform.engine.support.hierarchical.NodeTestTask.executeRecursively(NodeTestTask.java:138)
2024-08-28 13:43:40 [Test worker] ERROR org.supercat.growstone.SLog - 	 at org.junit.platform.engine.support.hierarchical.NodeTestTask.execute(NodeTestTask.java:95)
2024-08-28 13:43:40 [Test worker] ERROR org.supercat.growstone.SLog - 	 at java.base/java.util.ArrayList.forEach(ArrayList.java:1511)
2024-08-28 13:43:40 [Test worker] ERROR org.supercat.growstone.SLog - 	 at org.junit.platform.engine.support.hierarchical.SameThreadHierarchicalTestExecutorService.invokeAll(SameThreadHierarchicalTestExecutorService.java:41)
2024-08-28 13:43:40 [Test worker] ERROR org.supercat.growstone.SLog - 	 at org.junit.platform.engine.support.hierarchical.NodeTestTask.lambda$executeRecursively$6(NodeTestTask.java:155)
2024-08-28 13:43:40 [Test worker] ERROR org.supercat.growstone.SLog - 	 at org.junit.platform.engine.support.hierarchical.ThrowableCollector.execute(ThrowableCollector.java:73)
2024-08-28 13:43:40 [Test worker] ERROR org.supercat.growstone.SLog - 	 at org.junit.platform.engine.support.hierarchical.NodeTestTask.lambda$executeRecursively$8(NodeTestTask.java:141)
2024-08-28 13:43:40 [Test worker] ERROR org.supercat.growstone.SLog - 	 at org.junit.platform.engine.support.hierarchical.Node.around(Node.java:137)
2024-08-28 13:43:40 [Test worker] ERROR org.supercat.growstone.SLog - 	 at org.junit.platform.engine.support.hierarchical.NodeTestTask.lambda$executeRecursively$9(NodeTestTask.java:139)
2024-08-28 13:43:40 [Test worker] ERROR org.supercat.growstone.SLog - 	 at org.junit.platform.engine.support.hierarchical.ThrowableCollector.execute(ThrowableCollector.java:73)
2024-08-28 13:43:40 [Test worker] ERROR org.supercat.growstone.SLog - 	 at org.junit.platform.engine.support.hierarchical.NodeTestTask.executeRecursively(NodeTestTask.java:138)
2024-08-28 13:43:40 [Test worker] ERROR org.supercat.growstone.SLog - 	 at org.junit.platform.engine.support.hierarchical.NodeTestTask.execute(NodeTestTask.java:95)
2024-08-28 13:43:40 [Test worker] ERROR org.supercat.growstone.SLog - 	 at org.junit.platform.engine.support.hierarchical.SameThreadHierarchicalTestExecutorService.submit(SameThreadHierarchicalTestExecutorService.java:35)
2024-08-28 13:43:40 [Test worker] ERROR org.supercat.growstone.SLog - 	 at org.junit.platform.engine.support.hierarchical.HierarchicalTestExecutor.execute(HierarchicalTestExecutor.java:57)
2024-08-28 13:43:40 [Test worker] ERROR org.supercat.growstone.SLog - 	 at org.junit.platform.engine.support.hierarchical.HierarchicalTestEngine.execute(HierarchicalTestEngine.java:54)
2024-08-28 13:43:40 [Test worker] ERROR org.supercat.growstone.SLog - 	 at org.junit.platform.launcher.core.EngineExecutionOrchestrator.execute(EngineExecutionOrchestrator.java:107)
2024-08-28 13:43:40 [Test worker] ERROR org.supercat.growstone.SLog - 	 at org.junit.platform.launcher.core.EngineExecutionOrchestrator.execute(EngineExecutionOrchestrator.java:88)
2024-08-28 13:43:40 [Test worker] ERROR org.supercat.growstone.SLog - 	 at org.junit.platform.launcher.core.EngineExecutionOrchestrator.lambda$execute$0(EngineExecutionOrchestrator.java:54)
2024-08-28 13:43:40 [Test worker] ERROR org.supercat.growstone.SLog - 	 at org.junit.platform.launcher.core.EngineExecutionOrchestrator.withInterceptedStreams(EngineExecutionOrchestrator.java:67)
2024-08-28 13:43:40 [Test worker] ERROR org.supercat.growstone.SLog - 	 at org.junit.platform.launcher.core.EngineExecutionOrchestrator.execute(EngineExecutionOrchestrator.java:52)
2024-08-28 13:43:40 [Test worker] ERROR org.supercat.growstone.SLog - 	 at org.junit.platform.launcher.core.DefaultLauncher.execute(DefaultLauncher.java:114)
2024-08-28 13:43:40 [Test worker] ERROR org.supercat.growstone.SLog - 	 at org.junit.platform.launcher.core.DefaultLauncher.execute(DefaultLauncher.java:86)
2024-08-28 13:43:40 [Test worker] ERROR org.supercat.growstone.SLog - 	 at org.junit.platform.launcher.core.DefaultLauncherSession$DelegatingLauncher.execute(DefaultLauncherSession.java:86)
2024-08-28 13:43:40 [Test worker] ERROR org.supercat.growstone.SLog - 	 at org.gradle.api.internal.tasks.testing.junitplatform.JUnitPlatformTestClassProcessor$CollectAllTestClassesExecutor.processAllTestClasses(JUnitPlatformTestClassProcessor.java:110)
2024-08-28 13:43:40 [Test worker] ERROR org.supercat.growstone.SLog - 	 at org.gradle.api.internal.tasks.testing.junitplatform.JUnitPlatformTestClassProcessor$CollectAllTestClassesExecutor.access$000(JUnitPlatformTestClassProcessor.java:90)
2024-08-28 13:43:40 [Test worker] ERROR org.supercat.growstone.SLog - 	 at org.gradle.api.internal.tasks.testing.junitplatform.JUnitPlatformTestClassProcessor.stop(JUnitPlatformTestClassProcessor.java:85)
2024-08-28 13:43:40 [Test worker] ERROR org.supercat.growstone.SLog - 	 at org.gradle.api.internal.tasks.testing.SuiteTestClassProcessor.stop(SuiteTestClassProcessor.java:62)
2024-08-28 13:43:40 [Test worker] ERROR org.supercat.growstone.SLog - 	 at java.base/jdk.internal.reflect.NativeMethodAccessorImpl.invoke0(Native Method)
2024-08-28 13:43:40 [Test worker] ERROR org.supercat.growstone.SLog - 	 at java.base/jdk.internal.reflect.NativeMethodAccessorImpl.invoke(NativeMethodAccessorImpl.java:77)
2024-08-28 13:43:40 [Test worker] ERROR org.supercat.growstone.SLog - 	 at java.base/jdk.internal.reflect.DelegatingMethodAccessorImpl.invoke(DelegatingMethodAccessorImpl.java:43)
2024-08-28 13:43:40 [Test worker] ERROR org.supercat.growstone.SLog - 	 at java.base/java.lang.reflect.Method.invoke(Method.java:568)
2024-08-28 13:43:40 [Test worker] ERROR org.supercat.growstone.SLog - 	 at org.gradle.internal.dispatch.ReflectionDispatch.dispatch(ReflectionDispatch.java:36)
2024-08-28 13:43:40 [Test worker] ERROR org.supercat.growstone.SLog - 	 at org.gradle.internal.dispatch.ReflectionDispatch.dispatch(ReflectionDispatch.java:24)
2024-08-28 13:43:40 [Test worker] ERROR org.supercat.growstone.SLog - 	 at org.gradle.internal.dispatch.ContextClassLoaderDispatch.dispatch(ContextClassLoaderDispatch.java:33)
2024-08-28 13:43:40 [Test worker] ERROR org.supercat.growstone.SLog - 	 at org.gradle.internal.dispatch.ProxyDispatchAdapter$DispatchingInvocationHandler.invoke(ProxyDispatchAdapter.java:94)
2024-08-28 13:43:40 [Test worker] ERROR org.supercat.growstone.SLog - 	 at jdk.proxy1/jdk.proxy1.$Proxy2.stop(Unknown Source)
2024-08-28 13:43:40 [Test worker] ERROR org.supercat.growstone.SLog - 	 at org.gradle.api.internal.tasks.testing.worker.TestWorker$3.run(TestWorker.java:193)
2024-08-28 13:43:40 [Test worker] ERROR org.supercat.growstone.SLog - 	 at org.gradle.api.internal.tasks.testing.worker.TestWorker.executeAndMaintainThreadName(TestWorker.java:129)
2024-08-28 13:43:40 [Test worker] ERROR org.supercat.growstone.SLog - 	 at org.gradle.api.internal.tasks.testing.worker.TestWorker.execute(TestWorker.java:100)
2024-08-28 13:43:40 [Test worker] ERROR org.supercat.growstone.SLog - 	 at org.gradle.api.internal.tasks.testing.worker.TestWorker.execute(TestWorker.java:60)
2024-08-28 13:43:40 [Test worker] ERROR org.supercat.growstone.SLog - 	 at org.gradle.process.internal.worker.child.ActionExecutionWorker.execute(ActionExecutionWorker.java:56)
2024-08-28 13:43:40 [Test worker] ERROR org.supercat.growstone.SLog - 	 at org.gradle.process.internal.worker.child.SystemApplicationClassLoaderWorker.call(SystemApplicationClassLoaderWorker.java:113)
2024-08-28 13:43:40 [Test worker] ERROR org.supercat.growstone.SLog - 	 at org.gradle.process.internal.worker.child.SystemApplicationClassLoaderWorker.call(SystemApplicationClassLoaderWorker.java:65)
2024-08-28 13:43:40 [Test worker] ERROR org.supercat.growstone.SLog - 	 at worker.org.gradle.process.internal.worker.GradleWorkerMain.run(GradleWorkerMain.java:69)
2024-08-28 13:43:40 [Test worker] ERROR org.supercat.growstone.SLog - 	 at worker.org.gradle.process.internal.worker.GradleWorkerMain.main(GradleWorkerMain.java:74)
2024-08-28 13:43:40 [Test worker] ERROR org.supercat.growstone.SLog - ------------------------------------------exception log------------------------------------------
2024-08-28 13:43:59 [Test worker] INFO  com.zaxxer.hikari.HikariDataSource - HikariPool-1 - Starting...
2024-08-28 13:43:59 [Test worker] INFO  com.zaxxer.hikari.pool.HikariPool - HikariPool-1 - Added connection com.mysql.cj.jdbc.ConnectionImpl@61799544
2024-08-28 13:43:59 [Test worker] INFO  com.zaxxer.hikari.HikariDataSource - HikariPool-1 - Start completed.
2024-08-28 13:43:59 [Test worker] INFO  org.supercat.growstone.XMLHelper - loading - file(C:\gs\growstone2\assets\resources\Items-PortraitIcon.xml)
2024-08-28 13:43:59 [Test worker] INFO  org.supercat.growstone.XMLHelper - loading - file(C:\gs\growstone2\assets\resources\Items.xml)
2024-08-28 13:43:59 [Test worker] INFO  o.supercat.growstone.ResourceContext - loaded - org.supercat.growstone.managers.ResourceItemManager@5176d279
2024-08-28 13:43:59 [Test worker] INFO  org.supercat.growstone.XMLHelper - loading - file(C:\gs\growstone2\assets\resources\Growth-Pets.xml)
2024-08-28 13:43:59 [ForkJoinPool.commonPool-worker-1] INFO  org.supercat.growstone.XMLHelper - loading - file(C:\gs\growstone2\assets\resources\Growth-Stones.xml)
2024-08-28 13:43:59 [ForkJoinPool.commonPool-worker-1] INFO  org.supercat.growstone.XMLHelper - loading - file(C:\gs\growstone2\assets\resources\Growth-Parts.xml)
2024-08-28 13:43:59 [Test worker] INFO  org.supercat.growstone.XMLHelper - loading - file(C:\gs\growstone2\assets\resources\GrowthUpgrades.xml)
2024-08-28 13:43:59 [Test worker] INFO  o.supercat.growstone.ResourceContext - loaded - org.supercat.growstone.managers.ResourceGrowthManager@47447ccf
2024-08-28 13:43:59 [Test worker] INFO  org.supercat.growstone.XMLHelper - loading - file(C:\gs\growstone2\assets\resources\Growth-Pets.xml)
2024-08-28 13:43:59 [ForkJoinPool.commonPool-worker-1] INFO  org.supercat.growstone.XMLHelper - loading - file(C:\gs\growstone2\assets\resources\Growth-Stones.xml)
2024-08-28 13:43:59 [ForkJoinPool.commonPool-worker-1] INFO  org.supercat.growstone.XMLHelper - loading - file(C:\gs\growstone2\assets\resources\Growth-Parts.xml)
2024-08-28 13:43:59 [Test worker] INFO  org.supercat.growstone.XMLHelper - loading - file(C:\gs\growstone2\assets\resources\GrowthUpgrades.xml)
2024-08-28 13:43:59 [Test worker] INFO  o.supercat.growstone.ResourceContext - loaded - org.supercat.growstone.managers.ResourceGrowthManager@7afb1741
2024-08-28 13:43:59 [Test worker] INFO  org.supercat.growstone.XMLHelper - loading - file(C:\gs\growstone2\assets\resources\Collections.xml)
2024-08-28 13:43:59 [Test worker] INFO  o.supercat.growstone.ResourceContext - loaded - org.supercat.growstone.managers.ResourceCollectionManager@548d5ed3
2024-08-28 13:43:59 [Test worker] INFO  org.supercat.growstone.XMLHelper - loading - file(C:\gs\growstone2\assets\resources\PartsSlots.xml)
2024-08-28 13:43:59 [Test worker] INFO  o.supercat.growstone.ResourceContext - loaded - org.supercat.growstone.managers.ResourcePartsSlotManager@379ce046
2024-08-28 13:43:59 [Test worker] INFO  org.supercat.growstone.XMLHelper - loading - file(C:\gs\growstone2\assets\resources\Maps.xml)
2024-08-28 13:43:59 [Test worker] INFO  o.supercat.growstone.ResourceContext - loaded - org.supercat.growstone.managers.ResourceMapManager@5918c260
2024-08-28 13:43:59 [Test worker] INFO  org.supercat.growstone.XMLHelper - loading - file(C:\gs\growstone2\assets\resources\StageGroups.xml)
2024-08-28 13:43:59 [Test worker] INFO  o.supercat.growstone.ResourceContext - loaded - org.supercat.growstone.managers.ResourceStageGroupManager@61dde151
2024-08-28 13:43:59 [Test worker] INFO  org.supercat.growstone.XMLHelper - loading - file(C:\gs\growstone2\assets\resources\DropTables.xml)
2024-08-28 13:43:59 [Test worker] INFO  o.supercat.growstone.ResourceContext - loaded - org.supercat.growstone.managers.ResourceDropTableManager@719d35e8
2024-08-28 13:43:59 [Test worker] INFO  org.supercat.growstone.XMLHelper - loading - file(C:\gs\growstone2\assets\resources\Avatars.xml)
2024-08-28 13:43:59 [Test worker] INFO  o.supercat.growstone.ResourceContext - loaded - org.supercat.growstone.managers.ResourceAvatarManager@3fc05ea2
2024-08-28 13:43:59 [Test worker] INFO  org.supercat.growstone.XMLHelper - loading - file(C:\gs\growstone2\assets\resources\StatGrowths.xml)
2024-08-28 13:43:59 [Test worker] INFO  o.supercat.growstone.ResourceContext - loaded - org.supercat.growstone.managers.ResourceStatGrowthManager@351f2244
2024-08-28 13:43:59 [Test worker] INFO  org.supercat.growstone.XMLHelper - loading - file(C:\gs\growstone2\assets\resources\Dungeons.xml)
2024-08-28 13:43:59 [Test worker] INFO  o.supercat.growstone.ResourceContext - loaded - org.supercat.growstone.managers.ResourceDungeonManager@719bb3b4
2024-08-28 13:43:59 [Test worker] INFO  org.supercat.growstone.XMLHelper - loading - file(C:\gs\growstone2\assets\resources\Advertises.xml)
2024-08-28 13:43:59 [Test worker] INFO  o.supercat.growstone.ResourceContext - loaded - org.supercat.growstone.managers.ResourceAdvertiseManager@20411320
2024-08-28 13:43:59 [Test worker] INFO  org.supercat.growstone.XMLHelper - loading - file(C:\gs\growstone2\assets\resources\ExplorationTiers.xml)
2024-08-28 13:43:59 [Test worker] INFO  org.supercat.growstone.XMLHelper - loading - file(C:\gs\growstone2\assets\resources\ExplorationLevels.xml)
2024-08-28 13:43:59 [Test worker] INFO  o.supercat.growstone.ResourceContext - loaded - org.supercat.growstone.managers.ResourceExplorationManager@ca93621
2024-08-28 13:43:59 [Test worker] INFO  org.supercat.growstone.XMLHelper - loading - file(C:\gs\growstone2\assets\resources\GameData.xml)
2024-08-28 13:43:59 [Test worker] INFO  o.s.g.GameDatas.GameDataLoader - game data loading - path(C:\gs\growstone2\assets\resources\GameData.xml)
2024-08-28 13:43:59 [Test worker] INFO  org.supercat.growstone.XMLHelper - loading - file(C:\gs\growstone2\assets\resources\LevelConfig.xml)
2024-08-28 13:43:59 [Test worker] INFO  o.s.g.GameDatas.GameDataLoader - game data loading - path(C:\gs\growstone2\assets\resources\LevelConfig.xml)
2024-08-28 13:43:59 [Test worker] INFO  org.supercat.growstone.XMLHelper - loading - file(C:\gs\growstone2\assets\resources\ExplorationConfig.xml)
2024-08-28 13:43:59 [Test worker] INFO  o.s.g.GameDatas.GameDataLoader - game data loading - path(C:\gs\growstone2\assets\resources\ExplorationConfig.xml)
